<?xml version="1.0" encoding="UTF-8"?>
<!-- Generated by org.testng.reporters.JUnitXMLReporter -->
<testsuite ignored="6" hostname="Saffron" failures="0" tests="1" name="Default test" time="64.728" errors="0" timestamp="03 Jul 2019 10:07:07 GMT">
  <testcase classname="com.Weekly.qa.TestCases.FavouriteAdsPageTest" name="TC_50" time="3.857"/>
  <testcase classname="com.Weekly.qa.TestCases.FavouriteAdsPageTest" name="TC_54" time="0.0">
    <ignored/>
  </testcase> <!-- TC_54 -->
  <testcase classname="com.Weekly.qa.TestCases.FavouriteAdsPageTest" name="TC_52" time="0.0">
    <ignored/>
  </testcase> <!-- TC_52 -->
  <testcase classname="com.Weekly.qa.TestCases.FavouriteAdsPageTest" name="TC_58" time="0.0">
    <ignored/>
  </testcase> <!-- TC_58 -->
  <testcase classname="com.Weekly.qa.TestCases.FavouriteAdsPageTest" name="TC_57" time="0.0">
    <ignored/>
  </testcase> <!-- TC_57 -->
  <testcase classname="com.Weekly.qa.TestCases.FavouriteAdsPageTest" name="TC_56" time="0.0">
    <ignored/>
  </testcase> <!-- TC_56 -->
  <testcase classname="com.Weekly.qa.TestCases.FavouriteAdsPageTest" name="TC_55" time="0.0">
    <ignored/>
  </testcase> <!-- TC_55 -->
</testsuite> <!-- Default test -->
