<?xml version="1.0" encoding="UTF-8"?>
<!-- Generated by org.testng.reporters.JUnitXMLReporter -->
<testsuite ignored="0" hostname="Saffron" failures="0" tests="8" name="Default test" time="344.772" errors="0" timestamp="04 Jul 2019 08:37:00 GMT">
  <testcase classname="com.Weekly.qa.TestCases.WebHomePageTest" name="TC_01" time="0.015"/>
  <testcase classname="com.Weekly.qa.TestCases.WebHomePageTest" name="TC_01_CurrentAds" time="5.598"/>
  <testcase classname="com.Weekly.qa.TestCases.WebHomePageTest" name="TC_02" time="7.058"/>
  <testcase classname="com.Weekly.qa.TestCases.WebHomePageTest" name="TC_02_CurrentAds" time="6.8"/>
  <testcase classname="com.Weekly.qa.TestCases.WebHomePageTest" name="TC_03" time="0.477"/>
  <testcase classname="com.Weekly.qa.TestCases.WebHomePageTest" name="TC_03_CurrentAds" time="11.372"/>
  <testcase classname="com.Weekly.qa.TestCases.WebHomePageTest" name="TC_04" time="0.0"/>
  <testcase classname="com.Weekly.qa.TestCases.WebHomePageTest" name="TC_06_CurrentAds" time="3.68"/>
</testsuite> <!-- Default test -->
