<?xml version="1.0" encoding="UTF-8"?>
<!-- Generated by org.testng.reporters.JUnitXMLReporter -->
<testsuite ignored="5" hostname="Saffron" failures="0" tests="3" name="Test" time="121.669" errors="0" timestamp="04 Jul 2019 09:26:06 GMT">
  <testcase classname="com.Weekly.qa.TestCases.WebHomePageTest" name="TC_01" time="0.015"/>
  <testcase classname="com.Weekly.qa.TestCases.WebHomePageTest" name="TC_02" time="8.471"/>
  <testcase classname="com.Weekly.qa.TestCases.WebHomePageTest" name="TC_03" time="0.532"/>
  <testcase classname="com.Weekly.qa.TestCases.WebHomePageTest" name="TC_06_CurrentAds" time="0.0">
    <ignored/>
  </testcase> <!-- TC_06_CurrentAds -->
  <testcase classname="com.Weekly.qa.TestCases.WebHomePageTest" name="TC_04" time="0.0">
    <ignored/>
  </testcase> <!-- TC_04 -->
  <testcase classname="com.Weekly.qa.TestCases.WebHomePageTest" name="TC_03_CurrentAds" time="0.0">
    <ignored/>
  </testcase> <!-- TC_03_CurrentAds -->
  <testcase classname="com.Weekly.qa.TestCases.WebHomePageTest" name="TC_01_CurrentAds" time="0.0">
    <ignored/>
  </testcase> <!-- TC_01_CurrentAds -->
  <testcase classname="com.Weekly.qa.TestCases.WebHomePageTest" name="TC_02_CurrentAds" time="0.0">
    <ignored/>
  </testcase> <!-- TC_02_CurrentAds -->
</testsuite> <!-- Test -->
