<?xml version="1.0" encoding="UTF-8"?>
<!-- Generated by org.testng.reporters.JUnitXMLReporter -->
<testsuite ignored="0" hostname="Saffron" failures="0" tests="7" name="Test" time="451.873" errors="0" timestamp="03 Jul 2019 10:15:23 GMT">
  <testcase classname="com.Weekly.qa.TestCases.FavouriteAdsPageTest" name="TC_50" time="24.322"/>
  <testcase classname="com.Weekly.qa.TestCases.FavouriteAdsPageTest" name="TC_52" time="0.218"/>
  <testcase classname="com.Weekly.qa.TestCases.FavouriteAdsPageTest" name="TC_54" time="0.073"/>
  <testcase classname="com.Weekly.qa.TestCases.FavouriteAdsPageTest" name="TC_55" time="1.454"/>
  <testcase classname="com.Weekly.qa.TestCases.FavouriteAdsPageTest" name="TC_56" time="0.073"/>
  <testcase classname="com.Weekly.qa.TestCases.FavouriteAdsPageTest" name="TC_57" time="0.05"/>
  <testcase classname="com.Weekly.qa.TestCases.FavouriteAdsPageTest" name="TC_58" time="2.052"/>
</testsuite> <!-- Test -->
