<?xml version="1.0" encoding="UTF-8"?>
<testng-results ignored="5" total="8" passed="3" failed="0" skipped="0">
  <reporter-output>
  </reporter-output>
  <suite started-at="2019-07-04T09:24:05Z" name="Suite" finished-at="2019-07-04T09:26:06Z" duration-ms="121669">
    <groups>
    </groups>
    <test started-at="2019-07-04T09:24:05Z" name="Test" finished-at="2019-07-04T09:26:06Z" duration-ms="121669">
      <class name="com.Weekly.qa.TestCases.WebHomePageTest">
        <test-method is-config="true" signature="setup()[pri:0, instance:com.Weekly.qa.TestCases.WebHomePageTest@b62fe6d]" started-at="2019-07-04T14:54:05Z" name="setup" finished-at="2019-07-04T14:54:42Z" duration-ms="37639" status="PASS">
          <reporter-output>
          </reporter-output>
        </test-method> <!-- setup -->
        <test-method signature="TC_01()[pri:0, instance:com.Weekly.qa.TestCases.WebHomePageTest@b62fe6d]" started-at="2019-07-04T14:54:42Z" name="TC_01" finished-at="2019-07-04T14:54:42Z" duration-ms="15" status="PASS">
          <reporter-output>
          </reporter-output>
        </test-method> <!-- TC_01 -->
        <test-method is-config="true" signature="teardown()[pri:0, instance:com.Weekly.qa.TestCases.WebHomePageTest@b62fe6d]" started-at="2019-07-04T14:54:42Z" name="teardown" finished-at="2019-07-04T14:54:43Z" duration-ms="657" status="PASS">
          <reporter-output>
          </reporter-output>
        </test-method> <!-- teardown -->
        <test-method is-config="true" signature="setup()[pri:0, instance:com.Weekly.qa.TestCases.WebHomePageTest@b62fe6d]" started-at="2019-07-04T14:54:43Z" name="setup" finished-at="2019-07-04T14:55:21Z" duration-ms="37930" status="PASS">
          <reporter-output>
          </reporter-output>
        </test-method> <!-- setup -->
        <test-method signature="TC_02()[pri:0, instance:com.Weekly.qa.TestCases.WebHomePageTest@b62fe6d]" started-at="2019-07-04T14:55:21Z" name="TC_02" finished-at="2019-07-04T14:55:29Z" duration-ms="8471" status="PASS">
          <reporter-output>
          </reporter-output>
        </test-method> <!-- TC_02 -->
        <test-method is-config="true" signature="teardown()[pri:0, instance:com.Weekly.qa.TestCases.WebHomePageTest@b62fe6d]" started-at="2019-07-04T14:55:29Z" name="teardown" finished-at="2019-07-04T14:55:30Z" duration-ms="672" status="PASS">
          <reporter-output>
          </reporter-output>
        </test-method> <!-- teardown -->
        <test-method is-config="true" signature="setup()[pri:0, instance:com.Weekly.qa.TestCases.WebHomePageTest@b62fe6d]" started-at="2019-07-04T14:55:30Z" name="setup" finished-at="2019-07-04T14:56:05Z" duration-ms="35110" status="PASS">
          <reporter-output>
          </reporter-output>
        </test-method> <!-- setup -->
        <test-method signature="TC_03()[pri:0, instance:com.Weekly.qa.TestCases.WebHomePageTest@b62fe6d]" started-at="2019-07-04T14:56:05Z" name="TC_03" finished-at="2019-07-04T14:56:06Z" duration-ms="532" status="PASS">
          <reporter-output>
          </reporter-output>
        </test-method> <!-- TC_03 -->
        <test-method is-config="true" signature="teardown()[pri:0, instance:com.Weekly.qa.TestCases.WebHomePageTest@b62fe6d]" started-at="2019-07-04T14:56:06Z" name="teardown" finished-at="2019-07-04T14:56:06Z" duration-ms="627" status="PASS">
          <reporter-output>
          </reporter-output>
        </test-method> <!-- teardown -->
      </class> <!-- com.Weekly.qa.TestCases.WebHomePageTest -->
    </test> <!-- Test -->
  </suite> <!-- Suite -->
</testng-results>
