<?xml version="1.0" encoding="UTF-8"?>
<testng-results ignored="0" total="7" passed="7" failed="0" skipped="0">
  <reporter-output>
  </reporter-output>
  <suite started-at="2019-07-03T10:07:51Z" name="Suite" finished-at="2019-07-03T10:15:23Z" duration-ms="451873">
    <groups>
    </groups>
    <test started-at="2019-07-03T10:07:51Z" name="Test" finished-at="2019-07-03T10:15:23Z" duration-ms="451873">
      <class name="com.Weekly.qa.TestCases.FavouriteAdsPageTest">
        <test-method is-config="true" signature="setup()[pri:0, instance:com.Weekly.qa.TestCases.FavouriteAdsPageTest@5ad851c9]" started-at="2019-07-03T15:37:51Z" name="setup" finished-at="2019-07-03T15:39:37Z" duration-ms="106016" status="PASS">
          <reporter-output>
          </reporter-output>
        </test-method> <!-- setup -->
        <test-method signature="TC_50()[pri:0, instance:com.Weekly.qa.TestCases.FavouriteAdsPageTest@5ad851c9]" started-at="2019-07-03T15:39:37Z" name="TC_50" finished-at="2019-07-03T15:40:02Z" duration-ms="24322" status="PASS">
          <reporter-output>
          </reporter-output>
        </test-method> <!-- TC_50 -->
        <test-method is-config="true" signature="destroy()[pri:0, instance:com.Weekly.qa.TestCases.FavouriteAdsPageTest@5ad851c9]" started-at="2019-07-03T15:40:02Z" name="destroy" finished-at="2019-07-03T15:40:02Z" duration-ms="631" status="PASS">
          <reporter-output>
          </reporter-output>
        </test-method> <!-- destroy -->
        <test-method is-config="true" signature="setup()[pri:0, instance:com.Weekly.qa.TestCases.FavouriteAdsPageTest@5ad851c9]" started-at="2019-07-03T15:40:02Z" name="setup" finished-at="2019-07-03T15:41:12Z" duration-ms="69605" status="PASS">
          <reporter-output>
          </reporter-output>
        </test-method> <!-- setup -->
        <test-method signature="TC_52()[pri:0, instance:com.Weekly.qa.TestCases.FavouriteAdsPageTest@5ad851c9]" started-at="2019-07-03T15:41:12Z" name="TC_52" finished-at="2019-07-03T15:41:12Z" duration-ms="218" status="PASS">
          <reporter-output>
          </reporter-output>
        </test-method> <!-- TC_52 -->
        <test-method is-config="true" signature="destroy()[pri:0, instance:com.Weekly.qa.TestCases.FavouriteAdsPageTest@5ad851c9]" started-at="2019-07-03T15:41:12Z" name="destroy" finished-at="2019-07-03T15:41:13Z" duration-ms="649" status="PASS">
          <reporter-output>
          </reporter-output>
        </test-method> <!-- destroy -->
        <test-method is-config="true" signature="setup()[pri:0, instance:com.Weekly.qa.TestCases.FavouriteAdsPageTest@5ad851c9]" started-at="2019-07-03T15:41:13Z" name="setup" finished-at="2019-07-03T15:42:34Z" duration-ms="81829" status="PASS">
          <reporter-output>
          </reporter-output>
        </test-method> <!-- setup -->
        <test-method signature="TC_54()[pri:0, instance:com.Weekly.qa.TestCases.FavouriteAdsPageTest@5ad851c9]" started-at="2019-07-03T15:42:34Z" name="TC_54" finished-at="2019-07-03T15:42:35Z" duration-ms="73" status="PASS">
          <reporter-output>
          </reporter-output>
        </test-method> <!-- TC_54 -->
        <test-method is-config="true" signature="destroy()[pri:0, instance:com.Weekly.qa.TestCases.FavouriteAdsPageTest@5ad851c9]" started-at="2019-07-03T15:42:35Z" name="destroy" finished-at="2019-07-03T15:42:35Z" duration-ms="617" status="PASS">
          <reporter-output>
          </reporter-output>
        </test-method> <!-- destroy -->
        <test-method is-config="true" signature="setup()[pri:0, instance:com.Weekly.qa.TestCases.FavouriteAdsPageTest@5ad851c9]" started-at="2019-07-03T15:42:35Z" name="setup" finished-at="2019-07-03T15:43:16Z" duration-ms="40516" status="PASS">
          <reporter-output>
          </reporter-output>
        </test-method> <!-- setup -->
        <test-method signature="TC_55()[pri:0, instance:com.Weekly.qa.TestCases.FavouriteAdsPageTest@5ad851c9]" started-at="2019-07-03T15:43:16Z" name="TC_55" finished-at="2019-07-03T15:43:17Z" duration-ms="1454" status="PASS">
          <reporter-output>
          </reporter-output>
        </test-method> <!-- TC_55 -->
        <test-method is-config="true" signature="destroy()[pri:0, instance:com.Weekly.qa.TestCases.FavouriteAdsPageTest@5ad851c9]" started-at="2019-07-03T15:43:17Z" name="destroy" finished-at="2019-07-03T15:43:18Z" duration-ms="625" status="PASS">
          <reporter-output>
          </reporter-output>
        </test-method> <!-- destroy -->
        <test-method is-config="true" signature="setup()[pri:0, instance:com.Weekly.qa.TestCases.FavouriteAdsPageTest@5ad851c9]" started-at="2019-07-03T15:43:18Z" name="setup" finished-at="2019-07-03T15:43:59Z" duration-ms="40780" status="PASS">
          <reporter-output>
          </reporter-output>
        </test-method> <!-- setup -->
        <test-method signature="TC_56()[pri:0, instance:com.Weekly.qa.TestCases.FavouriteAdsPageTest@5ad851c9]" started-at="2019-07-03T15:43:59Z" name="TC_56" finished-at="2019-07-03T15:43:59Z" duration-ms="73" status="PASS">
          <reporter-output>
          </reporter-output>
        </test-method> <!-- TC_56 -->
        <test-method is-config="true" signature="destroy()[pri:0, instance:com.Weekly.qa.TestCases.FavouriteAdsPageTest@5ad851c9]" started-at="2019-07-03T15:43:59Z" name="destroy" finished-at="2019-07-03T15:43:59Z" duration-ms="625" status="PASS">
          <reporter-output>
          </reporter-output>
        </test-method> <!-- destroy -->
        <test-method is-config="true" signature="setup()[pri:0, instance:com.Weekly.qa.TestCases.FavouriteAdsPageTest@5ad851c9]" started-at="2019-07-03T15:43:59Z" name="setup" finished-at="2019-07-03T15:44:41Z" duration-ms="41625" status="PASS">
          <reporter-output>
          </reporter-output>
        </test-method> <!-- setup -->
        <test-method signature="TC_57()[pri:0, instance:com.Weekly.qa.TestCases.FavouriteAdsPageTest@5ad851c9]" started-at="2019-07-03T15:44:41Z" name="TC_57" finished-at="2019-07-03T15:44:41Z" duration-ms="50" status="PASS">
          <reporter-output>
          </reporter-output>
        </test-method> <!-- TC_57 -->
        <test-method is-config="true" signature="destroy()[pri:0, instance:com.Weekly.qa.TestCases.FavouriteAdsPageTest@5ad851c9]" started-at="2019-07-03T15:44:41Z" name="destroy" finished-at="2019-07-03T15:44:42Z" duration-ms="617" status="PASS">
          <reporter-output>
          </reporter-output>
        </test-method> <!-- destroy -->
        <test-method is-config="true" signature="setup()[pri:0, instance:com.Weekly.qa.TestCases.FavouriteAdsPageTest@5ad851c9]" started-at="2019-07-03T15:44:42Z" name="setup" finished-at="2019-07-03T15:45:20Z" duration-ms="38858" status="PASS">
          <reporter-output>
          </reporter-output>
        </test-method> <!-- setup -->
        <test-method signature="TC_58()[pri:0, instance:com.Weekly.qa.TestCases.FavouriteAdsPageTest@5ad851c9]" started-at="2019-07-03T15:45:20Z" name="TC_58" finished-at="2019-07-03T15:45:22Z" duration-ms="2052" status="PASS">
          <reporter-output>
          </reporter-output>
        </test-method> <!-- TC_58 -->
        <test-method is-config="true" signature="destroy()[pri:0, instance:com.Weekly.qa.TestCases.FavouriteAdsPageTest@5ad851c9]" started-at="2019-07-03T15:45:22Z" name="destroy" finished-at="2019-07-03T15:45:23Z" duration-ms="619" status="PASS">
          <reporter-output>
          </reporter-output>
        </test-method> <!-- destroy -->
      </class> <!-- com.Weekly.qa.TestCases.FavouriteAdsPageTest -->
    </test> <!-- Test -->
  </suite> <!-- Suite -->
</testng-results>
